
> rpb-dashboard@1.0.0 build /root/rpb-dashboard
> NODE_OPTIONS='--max-old-space-size=4096' next build --webpack

â–² Next.js 16.1.4 (webpack, Cache Components)
- Environments: .env
- Experiments (use with caution):
  آ· optimizePackageImports
  آ· serverActions

  Creating an optimized production build ...
âœ“ Compiled successfully in 53s
  Running TypeScript ...
  Collecting page data using 7 workers ...
  Generating static pages using 7 workers (0/79) ...
  Generating static pages using 7 workers (19/79) 
  Generating static pages using 7 workers (39/79) 
  Generating static pages using 7 workers (59/79) 
prisma:query SELECT "public"."tournaments"."id", "public"."tournaments"."updatedAt" FROM "public"."tournaments" WHERE 1=1 ORDER BY "public"."tournaments"."updatedAt" DESC LIMIT $1 OFFSET $2
prisma:query SELECT "public"."profiles"."id", "public"."profiles"."userId", "public"."profiles"."updatedAt" FROM "public"."profiles" WHERE 1=1 ORDER BY "public"."profiles"."updatedAt" DESC LIMIT $1 OFFSET $2
prisma:query SELECT "public"."tournaments"."id", "public"."tournaments"."updatedAt" FROM "public"."tournaments" WHERE 1=1 ORDER BY "public"."tournaments"."updatedAt" DESC LIMIT $1 OFFSET $2
prisma:query SELECT "public"."profiles"."id", "public"."profiles"."userId", "public"."profiles"."updatedAt" FROM "public"."profiles" WHERE 1=1 ORDER BY "public"."profiles"."updatedAt" DESC LIMIT $1 OFFSET $2
âœ“ Generating static pages using 7 workers (79/79) in 4.1s
  Finalizing page optimization ...
  Collecting build traces ...

Route (app)                             Revalidate  Expire
â”Œ â—گ /
â”œ â—‹ /_not-found
â”œ â—گ /a-propos
â”œ â—‹ /activity
â”œ â—گ /admin
â”œ â—گ /admin/bot
â”œ â—گ /admin/bot/commands
â”œ â—گ /admin/bot/config
â”œ â—گ /admin/bot/logs
â”œ â—گ /admin/content
â”œ â—گ /admin/discord
â”œ â—گ /admin/parts
â”œ â—گ /admin/rankings
â”œ â—گ /admin/settings
â”œ â—گ /admin/staff
â”œ â—گ /admin/stats
â”œ â—گ /admin/tournaments
â”œ â—گ /admin/tournaments/[id]
â”‚ â”” /admin/tournaments/[id]
â”œ â—گ /admin/twitch
â”œ â—گ /admin/users
â”œ â—‹ /api/activity/rules
â”œ ئ’ /api/admin/bot/message
â”œ ئ’ /api/admin/bot/restart
â”œ ئ’ /api/admin/config
â”œ ئ’ /api/admin/export/rankings
â”œ ئ’ /api/admin/export/tournament/[id]
â”œ ئ’ /api/admin/integrations/challonge
â”œ ئ’ /api/admin/ranking
â”œ ئ’ /api/auth/[...all]
â”œ ئ’ /api/auth/callback/challonge
â”œ ئ’ /api/auth/challonge
â”œ ئ’ /api/auth/dev-login
â”œ ئ’ /api/bot/chat
â”œ ئ’ /api/bot/commands
â”œ ئ’ /api/bot/config
â”œ ئ’ /api/bot/logs
â”œ ئ’ /api/bot/public-status
â”œ ئ’ /api/bot/status
â”œ ئ’ /api/decks
â”œ ئ’ /api/decks/[id]
â”œ ئ’ /api/decks/[id]/activate
â”œ ئ’ /api/discord/activity/auth
â”œ ئ’ /api/discord/stats
â”œ ئ’ /api/discord/team
â”œ â—‹ /api/health
â”œ â—‹ /api/marketing/feedmy                       1h      1y
â”œ ئ’ /api/parts
â”œ ئ’ /api/parts/[id]
â”œ ئ’ /api/parts/random
â”œ ئ’ /api/profile
â”œ ئ’ /api/stats
â”œ ئ’ /api/tournaments
â”œ ئ’ /api/tournaments/[id]
â”œ ئ’ /api/tournaments/[id]/live
â”œ ئ’ /api/tournaments/[id]/matches
â”œ ئ’ /api/tournaments/[id]/participants
â”œ ئ’ /api/tournaments/[id]/register
â”œ ئ’ /api/twitch/callback
â”œ ئ’ /api/upload
â”œ ئ’ /api/upload/avatar
â”œ ئ’ /api/users/[id]
â”œ ئ’ /api/users/[id]/card
â”œ ئ’ /api/users/[id]/matches
â”œ ئ’ /api/users/[id]/sync
â”œ ئ’ /api/webhooks/twitch
â”œ ئ’ /api/webhooks/youtube
â”œ â—‹ /bey
â”œ â—گ /dashboard
â”œ â—گ /dashboard/bot
â”œ â—گ /dashboard/deck
â”œ â—گ /dashboard/leaderboard
â”œ â—گ /dashboard/profile
â”œ â—گ /dashboard/profile/[id]
â”‚ â”” /dashboard/profile/[id]
â”œ â—گ /dashboard/profile/edit
â”œ â—گ /dashboard/random
â”œ â—گ /dashboard/settings
â”œ â—‹ /db
â”œ â—گ /notre-equipe
â”œ â—‹ /privacy
â”œ â—‹ /profile
â”œ â—گ /profile/[id]
â”‚ â”” /profile/[id]
â”œ â—گ /rankings
â”œ â—‹ /reglement
â”œ â—‹ /robots.txt
â”œ â—‹ /sign-in
â”œ â—‹ /sign-up
â”œ ئ’ /sitemap.xml
â”œ â—‹ /tournaments
â”œ â—گ /tournaments/[id]
â”‚ â”” /tournaments/[id]
â”œ â—گ /tv
â”œ â—‹ /two-factor
â”” â—گ /yoyo


ئ’ Proxy (Middleware)

â—‹  (Static)             prerendered as static content
â—گ  (Partial Prerender)  prerendered as static HTML with dynamic server-streamed content
ئ’  (Dynamic)            server-rendered on demand

