▲ Next.js 16.1.1 (Turbopack, Cache Components)
- Local:         http://localhost:3000
- Network:       http://46.224.145.55:3000
- Environments: .env
- Experiments (use with caution):
  · serverActions

✓ Starting...
✓ Ready in 962ms
 GET /api/auth/get-session 200 in 1386ms (compile: 1325ms, render: 60ms)
⨯ ./src/app/(marketing)/page.tsx:4:14
Ecmascript file had an error
[0m [90m 2 |[39m [36mimport[39m [33mHomeClient[39m [36mfrom[39m [32m'./HomeClient'[39m[33m;[39m
 [90m 3 |[39m
[31m[1m>[22m[39m[90m 4 |[39m [36mexport[39m [36mconst[39m revalidate [33m=[39m [35m60[39m[33m;[39m
 [90m   |[39m              [31m[1m^[22m[39m[31m[1m^[22m[39m[31m[1m^[22m[39m[31m[1m^[22m[39m[31m[1m^[22m[39m[31m[1m^[22m[39m[31m[1m^[22m[39m[31m[1m^[22m[39m[31m[1m^[22m[39m[31m[1m^[22m[39m
 [90m 5 |[39m
 [90m 6 |[39m [36mexport[39m [36mdefault[39m [36masync[39m [36mfunction[39m [33mHomePage[39m() {
 [90m 7 |[39m   [36mconst[39m stats [33m=[39m [36mawait[39m getDiscordStats()[33m;[39m[0m

Route segment config "revalidate" is not compatible with `nextConfig.cacheComponents`. Please remove it.


 HEAD / 500 in 2.7s (compile: 951ms, proxy.ts: 1618ms, render: 120ms)
 GET /api/auth/get-session 500 in 16ms (compile: 4ms, render: 12ms)
 HEAD /notre-equipe 500 in 167ms (compile: 128ms, proxy.ts: 27ms, render: 13ms)
✓ Compiled in 69ms
 GET /api/auth/get-session 200 in 82ms (compile: 67ms, render: 15ms)
[BotAPI] Request: GET http://127.0.0.1:3001/api/status
[BotAPI] Request: GET http://127.0.0.1:3001/api/status
Error: Route "/" used `new Date()` before accessing either uncached data (e.g. `fetch()`) or Request data (e.g. `cookies()`, `headers()`, `connection()`, and `searchParams`). Accessing the current time in a Server Component requires reading one of these data sources first. Alternatively, consider moving this expression into a Client Component or Cache Component. See more info here: https://nextjs.org/docs/messages/next-prerender-current-time
    at async getDiscordTeam (src/lib/discord-data.ts:64:26)
    at async HomePage (src/app/(marketing)/page.tsx:6:16)
    at HomePage (<anonymous>)
  62 |   try {
  63 |     // Fetch from Database (Source of Truth via /sync command)
> 64 |     const staffMembers = await prisma.staffMember.findMany({
     |                          ^
  65 |       where: { isActive: true },
  66 |       orderBy: [{ displayIndex: 'asc' }, { createdAt: 'desc' }],
  67 |     });
 HEAD / 200 in 1132ms (compile: 204ms, proxy.ts: 104ms, render: 824ms)
✓ Compiled in 449ms
 GET /api/auth/get-session 200 in 97ms (compile: 80ms, render: 17ms)
[BotAPI] Request: GET http://127.0.0.1:3001/api/status
 HEAD / 200 in 698ms (compile: 254ms, proxy.ts: 123ms, render: 321ms)
